2023-02-19 19:08:38,450 INFO org.hibernate.validator.internal.util.Version [background-preinit] HV000001: Hibernate Validator 6.2.5.Final
2023-02-19 19:08:38,450 INFO org.springframework.boot.StartupInfoLogger [main] Starting BootcampSpringBootApplication using Java 17.0.2 on DESKTOP-0N956L7 with PID 2912 (C:\Users\Dell PC\Downloads\bootcamp-spring-boot (1)\bootcamp-spring-boot\target\classes started by Dell PC in C:\Users\Dell PC\Downloads\bootcamp-spring-boot (1)\bootcamp-spring-boot)
2023-02-19 19:08:38,450 INFO org.springframework.boot.SpringApplication [main] No active profile set, falling back to 1 default profile: "default"
2023-02-19 19:08:40,098 INFO org.springframework.data.repository.config.RepositoryConfigurationDelegate [main] Bootstrapping Spring Data JPA repositories in DEFAULT mode.
2023-02-19 19:08:40,229 INFO org.springframework.data.repository.config.RepositoryConfigurationDelegate [main] Finished Spring Data repository scanning in 103 ms. Found 3 JPA repository interfaces.
2023-02-19 19:08:41,509 INFO org.springframework.boot.web.embedded.tomcat.TomcatWebServer [main] Tomcat initialized with port(s): 9090 (http)
2023-02-19 19:08:41,525 INFO org.apache.juli.logging.DirectJDKLog [main] Initializing ProtocolHandler ["http-nio-9090"]
2023-02-19 19:08:41,525 INFO org.apache.juli.logging.DirectJDKLog [main] Starting service [Tomcat]
2023-02-19 19:08:41,525 INFO org.apache.juli.logging.DirectJDKLog [main] Starting Servlet engine: [Apache Tomcat/9.0.70]
2023-02-19 19:08:41,857 INFO org.apache.juli.logging.DirectJDKLog [main] Initializing Spring embedded WebApplicationContext
2023-02-19 19:08:41,858 INFO org.springframework.boot.web.servlet.context.ServletWebServerApplicationContext [main] Root WebApplicationContext: initialization completed in 3222 ms
2023-02-19 19:08:41,980 INFO com.zaxxer.hikari.HikariDataSource [main] HikariPool-1 - Starting...
2023-02-19 19:08:42,403 INFO com.zaxxer.hikari.HikariDataSource [main] HikariPool-1 - Start completed.
2023-02-19 19:08:42,420 INFO org.springframework.boot.autoconfigure.h2.H2ConsoleAutoConfiguration [main] H2 console available at '/h2-console'. Database available at 'jdbc:h2:mem:testdb'
2023-02-19 19:08:42,755 INFO org.hibernate.jpa.internal.util.LogHelper [main] HHH000204: Processing PersistenceUnitInfo [name: default]
2023-02-19 19:08:42,866 INFO org.hibernate.Version [main] HHH000412: Hibernate ORM core version 5.6.14.Final
2023-02-19 19:08:43,178 INFO org.hibernate.annotations.common.reflection.java.JavaReflectionManager [main] HCANN000001: Hibernate Commons Annotations {5.1.2.Final}
2023-02-19 19:08:43,426 INFO org.hibernate.dialect.Dialect [main] HHH000400: Using dialect: org.hibernate.dialect.H2Dialect
2023-02-19 19:08:44,498 INFO org.hibernate.engine.transaction.jta.platform.internal.JtaPlatformInitiator [main] HHH000490: Using JtaPlatform implementation: [org.hibernate.engine.transaction.jta.platform.internal.NoJtaPlatform]
2023-02-19 19:08:44,513 INFO org.springframework.orm.jpa.AbstractEntityManagerFactoryBean [main] Initialized JPA EntityManagerFactory for persistence unit 'default'
2023-02-19 19:08:45,593 WARN org.springframework.boot.autoconfigure.orm.jpa.JpaBaseConfiguration$JpaWebConfiguration [main] spring.jpa.open-in-view is enabled by default. Therefore, database queries may be performed during view rendering. Explicitly configure spring.jpa.open-in-view to disable this warning
2023-02-19 19:08:46,091 INFO org.apache.juli.logging.DirectJDKLog [main] Starting ProtocolHandler ["http-nio-9090"]
2023-02-19 19:08:46,128 INFO org.springframework.boot.web.embedded.tomcat.TomcatWebServer [main] Tomcat started on port(s): 9090 (http) with context path ''
2023-02-19 19:08:46,141 INFO org.springframework.boot.StartupInfoLogger [main] Started BootcampSpringBootApplication in 8.369 seconds (JVM running for 9.819)
2023-02-19 19:08:57,228 INFO org.apache.juli.logging.DirectJDKLog [http-nio-9090-exec-6] Initializing Spring DispatcherServlet 'dispatcherServlet'
2023-02-19 19:08:57,229 INFO org.springframework.web.servlet.FrameworkServlet [http-nio-9090-exec-6] Initializing Servlet 'dispatcherServlet'
2023-02-19 19:08:57,231 INFO org.springframework.web.servlet.FrameworkServlet [http-nio-9090-exec-6] Completed initialization in 2 ms
